Using pre-set license
Built from '2020.3/release' branch; Version is '2020.3.1f1 (77a89f25062f) revision 7841951'; Using compiler version '192528614'; Build Type 'Release'
OS: 'Windows 10 Home; OS build 18363.1440; Version 1909; 64bit' Language: 'en' Physical Memory: 16311 MB
BatchMode: 1, IsHumanControllingUs: 0, StartBugReporterOnCrash: 0, Is64bit: 1, IsPro: 0

 COMMAND LINE ARGUMENTS:
C:\Program Files\Unity\Hub\Editor\2020.3.1f1\Editor\Unity.exe
-adb2
-batchMode
-noUpm
-name
AssetImportWorker0
-projectPath
D:/Owner/desktop/school/compprog/unity projects/kevins game project
-logFile
Logs/AssetImportWorker0.log
-srvPort
51254
Successfully changed project path to: D:/Owner/desktop/school/compprog/unity projects/kevins game project
D:/Owner/desktop/school/compprog/unity projects/kevins game project
Using Asset Import Pipeline V2.
Refreshing native plugins compatible for Editor in 66.21 ms, found 1 plugins.
Preloading 0 native plugins for Editor in 0.00 ms.
Initialize engine version: 2020.3.1f1 (77a89f25062f)
[Subsystems] Discovering subsystems at path C:/Program Files/Unity/Hub/Editor/2020.3.1f1/Editor/Data/Resources/UnitySubsystems
[Subsystems] Discovering subsystems at path D:/Owner/desktop/school/compprog/unity projects/kevins game project/Assets
GfxDevice: creating device client; threaded=0
Direct3D:
    Version:  Direct3D 11.0 [level 11.1]
    Renderer: NVIDIA GeForce GTX 970 (ID=0x13c2)
    Vendor:   
    VRAM:     4043 MB
    Driver:   27.21.14.6140
Initialize mono
Mono path[0] = 'C:/Program Files/Unity/Hub/Editor/2020.3.1f1/Editor/Data/Managed'
Mono path[1] = 'C:/Program Files/Unity/Hub/Editor/2020.3.1f1/Editor/Data/MonoBleedingEdge/lib/mono/unityjit'
Mono config path = 'C:/Program Files/Unity/Hub/Editor/2020.3.1f1/Editor/Data/MonoBleedingEdge/etc'
Using monoOptions --debugger-agent=transport=dt_socket,embedding=1,server=y,suspend=n,address=127.0.0.1:56708
Begin MonoManager ReloadAssembly
Registering precompiled unity dll's ...
Register platform support module: C:/Program Files/Unity/Hub/Editor/2020.3.1f1/Editor/Data/PlaybackEngines/WindowsStandaloneSupport/UnityEditor.WindowsStandalone.Extensions.dll
Registered in 0.004078 seconds.
Native extension for WindowsStandalone target not found
Refreshing native plugins compatible for Editor in 111.85 ms, found 1 plugins.
Preloading 0 native plugins for Editor in 0.00 ms.
Invoked RoslynAnalysisRunner static constructor.
RoslynAnalysisRunner will not be running.
RoslynAnalysisRunner has terminated.
Mono: successfully reloaded assembly
- Completed reload, in  3.094 seconds
Platform modules already initialized, skipping
Registering precompiled user dll's ...
Registered in 0.003901 seconds.
Begin MonoManager ReloadAssembly
Native extension for WindowsStandalone target not found
Refreshing native plugins compatible for Editor in 72.20 ms, found 1 plugins.
Preloading 0 native plugins for Editor in 0.00 ms.
Invoked RoslynAnalysisRunner static constructor.
RoslynAnalysisRunner will not be running.
RoslynAnalysisRunner has terminated.
Mono: successfully reloaded assembly
- Completed reload, in  2.580 seconds
Platform modules already initialized, skipping
========================================================================
Worker process is ready to serve import requests
Launched and connected shader compiler UnityShaderCompiler.exe after 0.12 seconds
Refreshing native plugins compatible for Editor in 0.36 ms, found 1 plugins.
Preloading 0 native plugins for Editor in 0.00 ms.
Unloading 1806 Unused Serialized files (Serialized files now loaded: 0)
System memory in use before: 84.6 MB.
System memory in use after: 84.5 MB.

Unloading 24 unused Assets to reduce memory usage. Loaded Objects now: 2248.
Total: 2.679000 ms (FindLiveObjects: 0.251500 ms CreateObjectMapping: 0.135900 ms MarkObjects: 2.120200 ms  DeleteObjects: 0.169400 ms)

========================================================================
Received Import Request.
  path: Assets/Square.png
  artifactKey: Guid(00b5052ff7f08b3438f6924da75bfbe0) Importer(815301076,1909f56bfc062723c751e8b465ee728b)
Start importing Assets/Square.png using Guid(00b5052ff7f08b3438f6924da75bfbe0) Importer(815301076,1909f56bfc062723c751e8b465ee728b)  -> (artifact id: 'b64b9fd6ee9db1c0b51834373ddd0926') in 0.329298 seconds
  Import took 0.346571 seconds .

========================================================================
Received Prepare
Registering precompiled user dll's ...
Registered in 0.001102 seconds.
Begin MonoManager ReloadAssembly
Native extension for WindowsStandalone target not found
Refreshing native plugins compatible for Editor in 0.41 ms, found 1 plugins.
Preloading 0 native plugins for Editor in 0.00 ms.
Invoked RoslynAnalysisRunner static constructor.
RoslynAnalysisRunner will not be running.
RoslynAnalysisRunner has terminated.
Mono: successfully reloaded assembly
- Completed reload, in  2.882 seconds
Platform modules already initialized, skipping
Refreshing native plugins compatible for Editor in 0.38 ms, found 1 plugins.
Preloading 0 native plugins for Editor in 0.00 ms.
Unloading 1802 Unused Serialized files (Serialized files now loaded: 0)
System memory in use before: 87.6 MB.
System memory in use after: 87.6 MB.

Unloading 12 unused Assets to reduce memory usage. Loaded Objects now: 2259.
Total: 3.093200 ms (FindLiveObjects: 0.252000 ms CreateObjectMapping: 0.101300 ms MarkObjects: 2.583800 ms  DeleteObjects: 0.154600 ms)

========================================================================
Received Import Request.
  Time since last request: 25.781265 seconds.
  path: Assets/playercontroller.cs
  artifactKey: Guid(372b4a3fc28434d46baa22d9d3281f62) Importer(815301076,1909f56bfc062723c751e8b465ee728b)
Start importing Assets/playercontroller.cs using Guid(372b4a3fc28434d46baa22d9d3281f62) Importer(815301076,1909f56bfc062723c751e8b465ee728b)  -> (artifact id: '4de9d5816562919ade98f9698e25b7eb') in 0.045793 seconds
  Import took 1.951334 seconds .

========================================================================
Received Import Request.
  Time since last request: 45.915952 seconds.
  path: Assets/playercontroller.cs
  artifactKey: Guid(372b4a3fc28434d46baa22d9d3281f62) Importer(815301076,1909f56bfc062723c751e8b465ee728b)
Start importing Assets/playercontroller.cs using Guid(372b4a3fc28434d46baa22d9d3281f62) Importer(815301076,1909f56bfc062723c751e8b465ee728b)  -> (artifact id: '2f7e004195284de4b5ac9c882c547775') in 0.011773 seconds
  Import took 0.030214 seconds .

AssetImportWorkerClient::OnTransportError - code=2 error=End of file
